<?xml version="1.0" encoding="UTF-8"?>
<testsuite xmlns:xsi="http://www.w3.org/2001/XMLSchema-instance" xsi:noNamespaceSchemaLocation="https://maven.apache.org/surefire/maven-surefire-plugin/xsd/surefire-test-report-3.0.xsd" version="3.0" name="com.banking.clientservice.ClientserviceApplicationTests" time="9.68" tests="1" errors="0" skipped="0" failures="0">
  <properties>
[...]
</properties>
  <testcase name="contextLoads" classname="com.banking.clientservice.ClientserviceApplicationTests" time="0.904">
    <system-out><![CDATA[21:47:19.041 [main] INFO org.springframework.test.context.support.AnnotationConfigContextLoaderUtils -- Could not detect default configuration classes for test class [com.banking.clientservice.ClientserviceApplicationTests]: ClientserviceApplicationTests does not declare any static, non-private, non-final, nested classes annotated with @Configuration.
21:47:19.213 [main] INFO org.springframework.boot.test.context.SpringBootTestContextBootstrapper -- Found @SpringBootConfiguration com.banking.clientservice.ClientserviceApplication for test class com.banking.clientservice.ClientserviceApplicationTests

  .   ____          _            __ _ _
 /\\ / ___'_ __ _ _(_)_ __  __ _ \ \ \ \
( ( )\___ | '_ | '_| | '_ \/ _` | \ \ \ \
 \\/  ___)| |_)| | | | | || (_| |  ) ) ) )
  '  |____| .__|_| |_|_| |_\__, | / / / /
 =========|_|==============|___/=/_/_/_/

 :: Spring Boot ::                (v3.3.2)

2024-08-24T21:47:20.034+05:30  INFO 15208 --- [SERVICE-CLIENT] [           main] c.b.c.ClientserviceApplicationTests      : Starting ClientserviceApplicationTests using Java 22.0.1 with PID 15208 (started by Asus vo14 in C:\Users\Asus vo14\Desktop\CodeBase\intellij\BANKING_SYSTEM\clientservice)
2024-08-24T21:47:20.037+05:30  INFO 15208 --- [SERVICE-CLIENT] [           main] c.b.c.ClientserviceApplicationTests      : No active profile set, falling back to 1 default profile: "default"
2024-08-24T21:47:21.232+05:30  INFO 15208 --- [SERVICE-CLIENT] [           main] .s.d.r.c.RepositoryConfigurationDelegate : Bootstrapping Spring Data JPA repositories in DEFAULT mode.
2024-08-24T21:47:21.482+05:30  INFO 15208 --- [SERVICE-CLIENT] [           main] .s.d.r.c.RepositoryConfigurationDelegate : Finished Spring Data repository scanning in 237 ms. Found 1 JPA repository interface.
2024-08-24T21:47:21.910+05:30  INFO 15208 --- [SERVICE-CLIENT] [           main] o.s.cloud.context.scope.GenericScope     : BeanFactory id=acca6da1-0560-3893-bffc-4af3642f35f4
2024-08-24T21:47:22.145+05:30  WARN 15208 --- [SERVICE-CLIENT] [           main] trationDelegate$BeanPostProcessorChecker : Bean 'org.springframework.cloud.client.loadbalancer.LoadBalancerAutoConfiguration$DeferringLoadBalancerInterceptorConfig' of type [org.springframework.cloud.client.loadbalancer.LoadBalancerAutoConfiguration$DeferringLoadBalancerInterceptorConfig] is not eligible for getting processed by all BeanPostProcessors (for example: not eligible for auto-proxying). The currently created BeanPostProcessor [lbRestClientPostProcessor] is declared through a non-static factory method on that class; consider declaring it as static instead.
2024-08-24T21:47:22.150+05:30  WARN 15208 --- [SERVICE-CLIENT] [           main] trationDelegate$BeanPostProcessorChecker : Bean 'deferringLoadBalancerInterceptor' of type [org.springframework.cloud.client.loadbalancer.DeferringLoadBalancerInterceptor] is not eligible for getting processed by all BeanPostProcessors (for example: not eligible for auto-proxying). Is this bean getting eagerly injected into a currently created BeanPostProcessor [lbRestClientPostProcessor]? Check the corresponding BeanPostProcessor declaration and its dependencies.
2024-08-24T21:47:22.413+05:30  INFO 15208 --- [SERVICE-CLIENT] [           main] o.hibernate.jpa.internal.util.LogHelper  : HHH000204: Processing PersistenceUnitInfo [name: default]
2024-08-24T21:47:22.560+05:30  INFO 15208 --- [SERVICE-CLIENT] [           main] org.hibernate.Version                    : HHH000412: Hibernate ORM core version 6.5.2.Final
2024-08-24T21:47:22.638+05:30  INFO 15208 --- [SERVICE-CLIENT] [           main] o.h.c.internal.RegionFactoryInitiator    : HHH000026: Second-level cache disabled
2024-08-24T21:47:23.234+05:30  INFO 15208 --- [SERVICE-CLIENT] [           main] o.s.o.j.p.SpringPersistenceUnitInfo      : No LoadTimeWeaver setup: ignoring JPA class transformer
2024-08-24T21:47:23.285+05:30  INFO 15208 --- [SERVICE-CLIENT] [           main] com.zaxxer.hikari.HikariDataSource       : HikariPool-1 - Starting...
2024-08-24T21:47:23.713+05:30  INFO 15208 --- [SERVICE-CLIENT] [           main] com.zaxxer.hikari.pool.HikariPool        : HikariPool-1 - Added connection com.mysql.cj.jdbc.ConnectionImpl@2833c093
2024-08-24T21:47:23.716+05:30  INFO 15208 --- [SERVICE-CLIENT] [           main] com.zaxxer.hikari.HikariDataSource       : HikariPool-1 - Start completed.
2024-08-24T21:47:24.971+05:30  INFO 15208 --- [SERVICE-CLIENT] [           main] o.h.e.t.j.p.i.JtaPlatformInitiator       : HHH000489: No JTA platform available (set 'hibernate.transaction.jta.platform' to enable JTA platform integration)
Hibernate: 
    alter table client_details 
       modify column date_of_birth date
2024-08-24T21:47:25.135+05:30  INFO 15208 --- [SERVICE-CLIENT] [           main] j.LocalContainerEntityManagerFactoryBean : Initialized JPA EntityManagerFactory for persistence unit 'default'
2024-08-24T21:47:25.599+05:30  WARN 15208 --- [SERVICE-CLIENT] [           main] JpaBaseConfiguration$JpaWebConfiguration : spring.jpa.open-in-view is enabled by default. Therefore, database queries may be performed during view rendering. Explicitly configure spring.jpa.open-in-view to disable this warning
2024-08-24T21:47:26.710+05:30  INFO 15208 --- [SERVICE-CLIENT] [           main] DiscoveryClientOptionalArgsConfiguration : Eureka HTTP Client uses RestTemplate.
2024-08-24T21:47:26.754+05:30  WARN 15208 --- [SERVICE-CLIENT] [           main] iguration$LoadBalancerCaffeineWarnLogger : Spring Cloud LoadBalancer is currently working with the default cache. While this cache implementation is useful for development and tests, it's recommended to use Caffeine cache in production.You can switch to using Caffeine cache, by adding it and org.springframework.cache.caffeine.CaffeineCacheManager to the classpath.
2024-08-24T21:47:26.796+05:30  INFO 15208 --- [SERVICE-CLIENT] [           main] o.s.c.n.eureka.InstanceInfoFactory       : Setting initial instance status as: STARTING
2024-08-24T21:47:26.832+05:30  INFO 15208 --- [SERVICE-CLIENT] [           main] com.netflix.discovery.DiscoveryClient    : Initializing Eureka in region us-east-1
2024-08-24T21:47:26.839+05:30  INFO 15208 --- [SERVICE-CLIENT] [           main] c.n.d.s.r.aws.ConfigClusterResolver      : Resolving eureka endpoints via configuration
2024-08-24T21:47:26.855+05:30  INFO 15208 --- [SERVICE-CLIENT] [           main] com.netflix.discovery.DiscoveryClient    : Disable delta property : false
2024-08-24T21:47:26.855+05:30  INFO 15208 --- [SERVICE-CLIENT] [           main] com.netflix.discovery.DiscoveryClient    : Single vip registry refresh property : null
2024-08-24T21:47:26.855+05:30  INFO 15208 --- [SERVICE-CLIENT] [           main] com.netflix.discovery.DiscoveryClient    : Force full registry fetch : false
2024-08-24T21:47:26.855+05:30  INFO 15208 --- [SERVICE-CLIENT] [           main] com.netflix.discovery.DiscoveryClient    : Application is null : false
2024-08-24T21:47:26.855+05:30  INFO 15208 --- [SERVICE-CLIENT] [           main] com.netflix.discovery.DiscoveryClient    : Registered Applications size is zero : true
2024-08-24T21:47:26.855+05:30  INFO 15208 --- [SERVICE-CLIENT] [           main] com.netflix.discovery.DiscoveryClient    : Application version is -1: true
2024-08-24T21:47:26.855+05:30  INFO 15208 --- [SERVICE-CLIENT] [           main] com.netflix.discovery.DiscoveryClient    : Getting all instance registry info from the eureka server
2024-08-24T21:47:27.372+05:30  INFO 15208 --- [SERVICE-CLIENT] [           main] com.netflix.discovery.DiscoveryClient    : The response status is 200
2024-08-24T21:47:27.376+05:30  INFO 15208 --- [SERVICE-CLIENT] [           main] com.netflix.discovery.DiscoveryClient    : Starting heartbeat executor: renew interval is: 30
2024-08-24T21:47:27.378+05:30  INFO 15208 --- [SERVICE-CLIENT] [           main] c.n.discovery.InstanceInfoReplicator     : InstanceInfoReplicator onDemand update allowed rate per min is 4
2024-08-24T21:47:27.382+05:30  INFO 15208 --- [SERVICE-CLIENT] [           main] com.netflix.discovery.DiscoveryClient    : Discovery Client initialized at timestamp 1724516247380 with initial instances count: 5
2024-08-24T21:47:27.388+05:30  INFO 15208 --- [SERVICE-CLIENT] [           main] o.s.c.n.e.s.EurekaServiceRegistry        : Registering application SERVICE-CLIENT with eureka with status UP
2024-08-24T21:47:27.389+05:30  INFO 15208 --- [SERVICE-CLIENT] [           main] com.netflix.discovery.DiscoveryClient    : Saw local status change event StatusChangeEvent [timestamp=1724516247389, current=UP, previous=STARTING]
2024-08-24T21:47:27.393+05:30  INFO 15208 --- [SERVICE-CLIENT] [foReplicator-%d] com.netflix.discovery.DiscoveryClient    : DiscoveryClient_SERVICE-CLIENT/LAPTOP-MQ5725RU:SERVICE-CLIENT:8081: registering service...
2024-08-24T21:47:27.404+05:30  INFO 15208 --- [SERVICE-CLIENT] [           main] c.b.c.ClientserviceApplicationTests      : Started ClientserviceApplicationTests in 7.903 seconds (process running for 9.673)
2024-08-24T21:47:27.459+05:30  INFO 15208 --- [SERVICE-CLIENT] [foReplicator-%d] com.netflix.discovery.DiscoveryClient    : DiscoveryClient_SERVICE-CLIENT/LAPTOP-MQ5725RU:SERVICE-CLIENT:8081 - registration status: 204
]]></system-out>
    <system-err><![CDATA[WARNING: A Java agent has been loaded dynamically (C:\Users\Asus vo14\.m2\repository\net\bytebuddy\byte-buddy-agent\1.14.18\byte-buddy-agent-1.14.18.jar)
WARNING: If a serviceability tool is in use, please run with -XX:+EnableDynamicAgentLoading to hide this warning
WARNING: If a serviceability tool is not in use, please run with -Djdk.instrument.traceUsage for more information
WARNING: Dynamic loading of agents will be disallowed by default in a future release
]]></system-err>
  </testcase>
</testsuite>